<?xml version="1.0" encoding="UTF-8"?>
<testsuite xmlns:xsi="http://www.w3.org/2001/XMLSchema-instance" xsi:noNamespaceSchemaLocation="https://maven.apache.org/surefire/maven-surefire-plugin/xsd/surefire-test-report-3.0.xsd" version="3.0" name="com.arnugroho.fraud_bfs.FraudBfsApplicationTests" time="8.134" tests="1" errors="0" skipped="0" failures="0">
  <properties>
[...]
</properties>
  <testcase name="contextLoads" classname="com.arnugroho.fraud_bfs.FraudBfsApplicationTests" time="2.571">
    <system-out><![CDATA[15:39:55.941 [main] INFO org.springframework.test.context.support.AnnotationConfigContextLoaderUtils -- Could not detect default configuration classes for test class [com.arnugroho.fraud_bfs.FraudBfsApplicationTests]: FraudBfsApplicationTests does not declare any static, non-private, non-final, nested classes annotated with @Configuration.
15:39:56.176 [main] INFO org.springframework.boot.test.context.SpringBootTestContextBootstrapper -- Found @SpringBootConfiguration com.arnugroho.fraud_bfs.FraudBfsApplication for test class com.arnugroho.fraud_bfs.FraudBfsApplicationTests

  .   ____          _            __ _ _
 /\\ / ___'_ __ _ _(_)_ __  __ _ \ \ \ \
( ( )\___ | '_ | '_| | '_ \/ _` | \ \ \ \
 \\/  ___)| |_)| | | | | || (_| |  ) ) ) )
  '  |____| .__|_| |_|_| |_\__, | / / / /
 =========|_|==============|___/=/_/_/_/

 :: Spring Boot ::                (v3.3.4)

2024-10-04T15:39:56.965+07:00  INFO 65379 --- [fraud-bfs] [           main] c.a.fraud_bfs.FraudBfsApplicationTests   : Starting FraudBfsApplicationTests using Java 17.0.12 with PID 65379 (started by arnugroho in /Users/arnugroho/Mirror/github/mka/fraud-bsf)
2024-10-04T15:39:56.967+07:00  INFO 65379 --- [fraud-bfs] [           main] c.a.fraud_bfs.FraudBfsApplicationTests   : No active profile set, falling back to 1 default profile: "default"
2024-10-04T15:40:01.117+07:00  INFO 65379 --- [fraud-bfs] [           main] c.a.fraud_bfs.FraudBfsApplicationTests   : Started FraudBfsApplicationTests in 4.655 seconds (process running for 7.041)
]]></system-out>
  </testcase>
</testsuite>